<?xml version="1.0" encoding="UTF-8"?>
<testng-results ignored="0" total="1" passed="1" failed="0" skipped="0">
  <reporter-output>
  </reporter-output>
  <suite started-at="2021-12-10T17:30:14 IST" name="Suite" finished-at="2021-12-10T17:30:14 IST" duration-ms="86">
    <groups>
    </groups>
    <test started-at="2021-12-10T17:30:14 IST" name="Test" finished-at="2021-12-10T17:30:14 IST" duration-ms="86">
      <class name="DemoPractice.SmokeTest">
        <test-method signature="Test1()[pri:0, instance:DemoPractice.SmokeTest@30b7c004]" started-at="2021-12-10T17:30:14 IST" name="Test1" finished-at="2021-12-10T17:30:14 IST" duration-ms="15" status="PASS">
          <reporter-output>
          </reporter-output>
        </test-method> <!-- Test1 -->
      </class> <!-- DemoPractice.SmokeTest -->
    </test> <!-- Test -->
  </suite> <!-- Suite -->
</testng-results>
