<?xml version="1.0" encoding="UTF-8"?>
<testng-results ignored="0" total="1" passed="1" failed="0" skipped="0">
  <reporter-output>
  </reporter-output>
  <suite started-at="2021-12-09T13:39:45 IST" name="Default suite" finished-at="2021-12-09T13:39:45 IST" duration-ms="78">
    <groups>
    </groups>
    <test started-at="2021-12-09T13:39:45 IST" name="Default test" finished-at="2021-12-09T13:39:45 IST" duration-ms="78">
      <class name="DemoPractice.DemoTest1">
        <test-method signature="Test1()[pri:0, instance:DemoPractice.DemoTest1@30b7c004]" started-at="2021-12-09T13:39:45 IST" name="Test1" finished-at="2021-12-09T13:39:45 IST" duration-ms="15" status="PASS">
          <reporter-output>
          </reporter-output>
        </test-method> <!-- Test1 -->
      </class> <!-- DemoPractice.DemoTest1 -->
    </test> <!-- Default test -->
  </suite> <!-- Default suite -->
</testng-results>
